# JRE version: OpenJDK Runtime Environment Temurin-17.0.4.1+1 (17.0.4.1+1) (build 17.0.4.1+1)
# Java VM: OpenJDK 64-Bit Server VM Temurin-17.0.4.1+1 (17.0.4.1+1, mixed mode, tiered, compressed oops, compressed class ptrs, g1 gc, linux-amd64)
GC Precious Log:
 CPUs: 4 total, 4 available
 Memory: 11902M
 Large Page Support: Disabled
 NUMA Support: Disabled
 Compressed Oops: Enabled (Zero based)
 Heap Region Size: 2M
 Heap Min Capacity: 8M
 Heap Initial Capacity: 186M
 Heap Max Capacity: 2976M
 Pre-touch: Disabled
 Parallel Workers: 4
 Concurrent Workers: 1
 Concurrent Refinement Workers: 4
 Periodic GC: Disabled
Heap:
 garbage-first heap   total 102400K, used 39337K [0x0000000746000000, 0x0000000800000000)
  region size 2048K, 10 young (20480K), 3 survivors (6144K)
 Metaspace       used 23260K, committed 23424K, reserved 1073152K
  class space    used 2523K, committed 2624K, reserved 1048576K
GC Heap History (10 events):
Event: 0.448 GC heap before
{Heap before GC invocations=0 (full 0):
 garbage-first heap   total 190464K, used 10240K [0x0000000746000000, 0x0000000800000000)
  region size 2048K, 6 young (12288K), 0 survivors (0K)
 Metaspace       used 5975K, committed 6080K, reserved 1056768K
  class space    used 480K, committed 512K, reserved 1048576K
}
Event: 0.456 GC heap after
{Heap after GC invocations=1 (full 0):
 garbage-first heap   total 190464K, used 10441K [0x0000000746000000, 0x0000000800000000)
  region size 2048K, 1 young (2048K), 1 survivors (2048K)
 Metaspace       used 5975K, committed 6080K, reserved 1056768K
  class space    used 480K, committed 512K, reserved 1048576K
}
Event: 0.494 GC heap before
{Heap before GC invocations=1 (full 0):
 garbage-first heap   total 190464K, used 14537K [0x0000000746000000, 0x0000000800000000)
  region size 2048K, 4 young (8192K), 1 survivors (2048K)
 Metaspace       used 6154K, committed 6272K, reserved 1056768K
  class space    used 493K, committed 512K, reserved 1048576K
}
Event: 0.499 GC heap after
{Heap after GC invocations=2 (full 0):
 garbage-first heap   total 190464K, used 16285K [0x0000000746000000, 0x0000000800000000)
  region size 2048K, 1 young (2048K), 1 survivors (2048K)
 Metaspace       used 6154K, committed 6272K, reserved 1056768K
  class space    used 493K, committed 512K, reserved 1048576K
}
Event: 0.924 GC heap before
{Heap before GC invocations=2 (full 0):
 garbage-first heap   total 190464K, used 26525K [0x0000000746000000, 0x0000000800000000)
  region size 2048K, 7 young (14336K), 1 survivors (2048K)
 Metaspace       used 10177K, committed 10368K, reserved 1064960K
  class space    used 895K, committed 960K, reserved 1048576K
}
Event: 0.933 GC heap after
{Heap after GC invocations=3 (full 0):
 garbage-first heap   total 190464K, used 23796K [0x0000000746000000, 0x0000000800000000)
  region size 2048K, 1 young (2048K), 1 survivors (2048K)
 Metaspace       used 10177K, committed 10368K, reserved 1064960K
  class space    used 895K, committed 960K, reserved 1048576K
}
Event: 1.283 GC heap before
{Heap before GC invocations=3 (full 0):
 garbage-first heap   total 190464K, used 40180K [0x0000000746000000, 0x0000000800000000)
  region size 2048K, 9 young (18432K), 1 survivors (2048K)
 Metaspace       used 12040K, committed 12224K, reserved 1064960K
  class space    used 1132K, committed 1216K, reserved 1048576K
}
Event: 1.287 GC heap after
{Heap after GC invocations=4 (full 0):
 garbage-first heap   total 190464K, used 24068K [0x0000000746000000, 0x0000000800000000)
  region size 2048K, 2 young (4096K), 2 survivors (4096K)
 Metaspace       used 12040K, committed 12224K, reserved 1064960K
  class space    used 1132K, committed 1216K, reserved 1048576K
}
Event: 33.695 GC heap before
{Heap before GC invocations=4 (full 0):
 garbage-first heap   total 190464K, used 93700K [0x0000000746000000, 0x0000000800000000)
  region size 2048K, 37 young (75776K), 2 survivors (4096K)
 Metaspace       used 21378K, committed 21504K, reserved 1073152K
  class space    used 2288K, committed 2368K, reserved 1048576K
}
Event: 33.703 GC heap after
{Heap after GC invocations=5 (full 0):
 garbage-first heap   total 258048K, used 27049K [0x0000000746000000, 0x0000000800000000)
  region size 2048K, 3 young (6144K), 3 survivors (6144K)
 Metaspace       used 21378K, committed 21504K, reserved 1073152K
  class space    used 2288K, committed 2368K, reserved 1048576K
}

